<?xml version="1.0" encoding="UTF-8"?>
<testsuite name="com.devduhan.first.web.IndexControllerTest" tests="1" skipped="0" failures="0" errors="0" timestamp="2021-01-11T15:28:17" hostname="moduhans-MacBook-Pro.local" time="0.216">
  <properties/>
  <testcase name="메인페이지_로딩()" classname="com.devduhan.first.web.IndexControllerTest" time="0.216"/>
  <system-out><![CDATA[2021-01-12 00:28:13.666  INFO 24479 --- [    Test worker] .b.t.c.SpringBootTestContextBootstrapper : Neither @ContextConfiguration nor @ContextHierarchy found for test class [com.devduhan.first.web.IndexControllerTest], using SpringBootContextLoader
2021-01-12 00:28:13.667  INFO 24479 --- [    Test worker] o.s.t.c.support.AbstractContextLoader    : Could not detect default resource locations for test class [com.devduhan.first.web.IndexControllerTest]: no resource found for suffixes {-context.xml, Context.groovy}.
2021-01-12 00:28:13.667  INFO 24479 --- [    Test worker] t.c.s.AnnotationConfigContextLoaderUtils : Could not detect default configuration classes for test class [com.devduhan.first.web.IndexControllerTest]: IndexControllerTest does not declare any static, non-private, non-final, nested classes annotated with @Configuration.
2021-01-12 00:28:13.670  INFO 24479 --- [    Test worker] .b.t.c.SpringBootTestContextBootstrapper : Found @SpringBootConfiguration com.devduhan.first.Application for test class com.devduhan.first.web.IndexControllerTest
2021-01-12 00:28:13.674  INFO 24479 --- [    Test worker] .b.t.c.SpringBootTestContextBootstrapper : Loaded default TestExecutionListener class names from location [META-INF/spring.factories]: [org.springframework.security.test.context.support.WithSecurityContextTestExecutionListener, org.springframework.security.test.context.support.ReactorContextTestExecutionListener, org.springframework.boot.test.autoconfigure.restdocs.RestDocsTestExecutionListener, org.springframework.boot.test.autoconfigure.web.client.MockRestServiceServerResetTestExecutionListener, org.springframework.boot.test.autoconfigure.web.servlet.MockMvcPrintOnlyOnFailureTestExecutionListener, org.springframework.boot.test.autoconfigure.web.servlet.WebDriverTestExecutionListener, org.springframework.boot.test.autoconfigure.webservices.client.MockWebServiceServerTestExecutionListener, org.springframework.boot.test.mock.mockito.MockitoTestExecutionListener, org.springframework.boot.test.mock.mockito.ResetMocksTestExecutionListener, org.springframework.test.context.web.ServletTestExecutionListener, org.springframework.test.context.support.DirtiesContextBeforeModesTestExecutionListener, org.springframework.test.context.support.DependencyInjectionTestExecutionListener, org.springframework.test.context.support.DirtiesContextTestExecutionListener, org.springframework.test.context.transaction.TransactionalTestExecutionListener, org.springframework.test.context.jdbc.SqlScriptsTestExecutionListener, org.springframework.test.context.event.EventPublishingTestExecutionListener]
2021-01-12 00:28:13.675  INFO 24479 --- [    Test worker] .b.t.c.SpringBootTestContextBootstrapper : Using TestExecutionListeners: [org.springframework.test.context.web.ServletTestExecutionListener@7603480f, org.springframework.test.context.support.DirtiesContextBeforeModesTestExecutionListener@17c12a4e, org.springframework.boot.test.mock.mockito.MockitoTestExecutionListener@f48aa86, org.springframework.boot.test.autoconfigure.SpringBootDependencyInjectionTestExecutionListener@2c731884, org.springframework.test.context.support.DirtiesContextTestExecutionListener@40dc7e35, org.springframework.test.context.transaction.TransactionalTestExecutionListener@5e51bf3a, org.springframework.test.context.jdbc.SqlScriptsTestExecutionListener@140732ec, org.springframework.security.test.context.support.WithSecurityContextTestExecutionListener@2084bfd0, org.springframework.test.context.event.EventPublishingTestExecutionListener@30a4023, org.springframework.security.test.context.support.ReactorContextTestExecutionListener@50719717, org.springframework.boot.test.autoconfigure.restdocs.RestDocsTestExecutionListener@7dcc5fa7, org.springframework.boot.test.autoconfigure.web.client.MockRestServiceServerResetTestExecutionListener@78b315f1, org.springframework.boot.test.autoconfigure.web.servlet.MockMvcPrintOnlyOnFailureTestExecutionListener@2969499c, org.springframework.boot.test.autoconfigure.web.servlet.WebDriverTestExecutionListener@757cba89, org.springframework.boot.test.autoconfigure.webservices.client.MockWebServiceServerTestExecutionListener@6a52e2e6, org.springframework.boot.test.mock.mockito.ResetMocksTestExecutionListener@aae6ec0]

  .   ____          _            __ _ _
 /\\ / ___'_ __ _ _(_)_ __  __ _ \ \ \ \
( ( )\___ | '_ | '_| | '_ \/ _` | \ \ \ \
 \\/  ___)| |_)| | | | | || (_| |  ) ) ) )
  '  |____| .__|_| |_|_| |_\__, | / / / /
 =========|_|==============|___/=/_/_/_/
 :: Spring Boot ::                (v2.4.1)

2021-01-12 00:28:13.701  INFO 24479 --- [    Test worker] c.d.first.web.IndexControllerTest        : Starting IndexControllerTest using Java 1.8.0_261 on moduhans-MacBook-Pro.local with PID 24479 (started by moduhan in /Users/moduhan/dev/JavaWorkspace/springboot2-webservice)
2021-01-12 00:28:13.702  INFO 24479 --- [    Test worker] c.d.first.web.IndexControllerTest        : No active profile set, falling back to default profiles: default
2021-01-12 00:28:14.008  INFO 24479 --- [    Test worker] .s.d.r.c.RepositoryConfigurationDelegate : Bootstrapping Spring Data JPA repositories in DEFAULT mode.
2021-01-12 00:28:14.059  INFO 24479 --- [    Test worker] .s.d.r.c.RepositoryConfigurationDelegate : Finished Spring Data repository scanning in 44 ms. Found 2 JPA repository interfaces.
2021-01-12 00:28:14.537  INFO 24479 --- [    Test worker] o.s.b.w.embedded.tomcat.TomcatWebServer  : Tomcat initialized with port(s): 0 (http)
2021-01-12 00:28:14.550  INFO 24479 --- [    Test worker] o.apache.catalina.core.StandardService   : Starting service [Tomcat]
2021-01-12 00:28:14.551  INFO 24479 --- [    Test worker] org.apache.catalina.core.StandardEngine  : Starting Servlet engine: [Apache Tomcat/9.0.41]
2021-01-12 00:28:14.636  INFO 24479 --- [    Test worker] o.a.c.c.C.[Tomcat].[localhost].[/]       : Initializing Spring embedded WebApplicationContext
2021-01-12 00:28:14.636  INFO 24479 --- [    Test worker] w.s.c.ServletWebServerApplicationContext : Root WebApplicationContext: initialization completed in 932 ms
2021-01-12 00:28:14.695  INFO 24479 --- [    Test worker] com.zaxxer.hikari.HikariDataSource       : HikariPool-1 - Starting...
2021-01-12 00:28:14.911  INFO 24479 --- [    Test worker] com.zaxxer.hikari.HikariDataSource       : HikariPool-1 - Start completed.
2021-01-12 00:28:14.923  INFO 24479 --- [    Test worker] o.s.b.a.h2.H2ConsoleAutoConfiguration    : H2 console available at '/h2-console'. Database available at 'jdbc:h2:mem:testdb'
2021-01-12 00:28:15.221  INFO 24479 --- [    Test worker] o.hibernate.jpa.internal.util.LogHelper  : HHH000204: Processing PersistenceUnitInfo [name: default]
2021-01-12 00:28:15.297  INFO 24479 --- [    Test worker] org.hibernate.Version                    : HHH000412: Hibernate ORM core version 5.4.25.Final
2021-01-12 00:28:15.356  INFO 24479 --- [    Test worker] o.hibernate.annotations.common.Version   : HCANN000001: Hibernate Commons Annotations {5.1.2.Final}
2021-01-12 00:28:15.523  INFO 24479 --- [    Test worker] org.hibernate.dialect.Dialect            : HHH000400: Using dialect: org.hibernate.dialect.MySQL57Dialect
Hibernate: drop table if exists posts
Hibernate: drop table if exists user
Hibernate: create table posts (id bigint not null auto_increment, created_date datetime(6), modified_date datetime(6), author varchar(255), content TEXT not null, title varchar(500) not null, primary key (id)) engine=InnoDB
Hibernate: create table user (id bigint not null auto_increment, created_date datetime(6), modified_date datetime(6), email varchar(255) not null, name varchar(255) not null, picture varchar(255), role varchar(255) not null, primary key (id)) engine=InnoDB
2021-01-12 00:28:16.427  INFO 24479 --- [    Test worker] o.h.e.t.j.p.i.JtaPlatformInitiator       : HHH000490: Using JtaPlatform implementation: [org.hibernate.engine.transaction.jta.platform.internal.NoJtaPlatform]
2021-01-12 00:28:16.438  INFO 24479 --- [    Test worker] j.LocalContainerEntityManagerFactoryBean : Initialized JPA EntityManagerFactory for persistence unit 'default'
2021-01-12 00:28:17.000  WARN 24479 --- [    Test worker] JpaBaseConfiguration$JpaWebConfiguration : spring.jpa.open-in-view is enabled by default. Therefore, database queries may be performed during view rendering. Explicitly configure spring.jpa.open-in-view to disable this warning
2021-01-12 00:28:17.359  INFO 24479 --- [    Test worker] o.s.s.web.DefaultSecurityFilterChain     : Will secure any request with [org.springframework.security.web.context.request.async.WebAsyncManagerIntegrationFilter@5f79e73, org.springframework.security.web.context.SecurityContextPersistenceFilter@73f2b7cb, org.springframework.security.web.header.HeaderWriterFilter@6fda0a5f, org.springframework.security.web.authentication.logout.LogoutFilter@6dc87282, org.springframework.security.oauth2.client.web.OAuth2AuthorizationRequestRedirectFilter@4613b69d, org.springframework.security.oauth2.client.web.OAuth2LoginAuthenticationFilter@bbcca72, org.springframework.security.web.authentication.ui.DefaultLoginPageGeneratingFilter@5d09b2b0, org.springframework.security.web.authentication.ui.DefaultLogoutPageGeneratingFilter@5a81cc67, org.springframework.security.web.savedrequest.RequestCacheAwareFilter@1c694a81, org.springframework.security.web.servletapi.SecurityContextHolderAwareRequestFilter@23de33a1, org.springframework.security.web.authentication.AnonymousAuthenticationFilter@1fd2ef4, org.springframework.security.web.session.SessionManagementFilter@264b1c46, org.springframework.security.web.access.ExceptionTranslationFilter@30d9f33, org.springframework.security.web.access.intercept.FilterSecurityInterceptor@44337351]
2021-01-12 00:28:17.476  INFO 24479 --- [    Test worker] o.s.s.concurrent.ThreadPoolTaskExecutor  : Initializing ExecutorService 'applicationTaskExecutor'
2021-01-12 00:28:17.513  INFO 24479 --- [    Test worker] o.s.b.a.w.s.WelcomePageHandlerMapping    : Adding welcome page template: index
2021-01-12 00:28:17.757  INFO 24479 --- [    Test worker] o.s.b.w.embedded.tomcat.TomcatWebServer  : Tomcat started on port(s): 55036 (http) with context path ''
2021-01-12 00:28:17.771  INFO 24479 --- [    Test worker] s.a.ScheduledAnnotationBeanPostProcessor : No TaskScheduler/ScheduledExecutorService bean found for scheduled processing
2021-01-12 00:28:17.778  INFO 24479 --- [    Test worker] c.d.first.web.IndexControllerTest        : Started IndexControllerTest in 4.1 seconds (JVM running for 8.266)
2021-01-12 00:28:17.884  INFO 24479 --- [o-auto-1-exec-1] o.a.c.c.C.[Tomcat].[localhost].[/]       : Initializing Spring DispatcherServlet 'dispatcherServlet'
2021-01-12 00:28:17.885  INFO 24479 --- [o-auto-1-exec-1] o.s.web.servlet.DispatcherServlet        : Initializing Servlet 'dispatcherServlet'
2021-01-12 00:28:17.886  INFO 24479 --- [o-auto-1-exec-1] o.s.web.servlet.DispatcherServlet        : Completed initialization in 1 ms
Hibernate: select posts0_.id as id1_0_, posts0_.created_date as created_2_0_, posts0_.modified_date as modified3_0_, posts0_.author as author4_0_, posts0_.content as content5_0_, posts0_.title as title6_0_ from posts posts0_ order by posts0_.id DESC
]]></system-out>
  <system-err><![CDATA[]]></system-err>
</testsuite>
