<?xml version="1.0" encoding="UTF-8"?>
<testsuite name="com.devduhan.first.web.IndexControllerTest" tests="1" skipped="0" failures="0" errors="0" timestamp="2021-01-10T12:07:45" hostname="moduhans-MacBook-Pro.local" time="0.328">
  <properties/>
  <testcase name="메인페이지_로딩()" classname="com.devduhan.first.web.IndexControllerTest" time="0.328"/>
  <system-out><![CDATA[21:07:38.834 [Test worker] DEBUG org.springframework.test.context.BootstrapUtils - Instantiating CacheAwareContextLoaderDelegate from class [org.springframework.test.context.cache.DefaultCacheAwareContextLoaderDelegate]
21:07:38.846 [Test worker] DEBUG org.springframework.test.context.BootstrapUtils - Instantiating BootstrapContext using constructor [public org.springframework.test.context.support.DefaultBootstrapContext(java.lang.Class,org.springframework.test.context.CacheAwareContextLoaderDelegate)]
21:07:38.880 [Test worker] DEBUG org.springframework.test.context.BootstrapUtils - Instantiating TestContextBootstrapper for test class [com.devduhan.first.web.IndexControllerTest] from class [org.springframework.boot.test.context.SpringBootTestContextBootstrapper]
21:07:38.891 [Test worker] INFO org.springframework.boot.test.context.SpringBootTestContextBootstrapper - Neither @ContextConfiguration nor @ContextHierarchy found for test class [com.devduhan.first.web.IndexControllerTest], using SpringBootContextLoader
21:07:38.895 [Test worker] DEBUG org.springframework.test.context.support.AbstractContextLoader - Did not detect default resource location for test class [com.devduhan.first.web.IndexControllerTest]: class path resource [com/devduhan/first/web/IndexControllerTest-context.xml] does not exist
21:07:38.895 [Test worker] DEBUG org.springframework.test.context.support.AbstractContextLoader - Did not detect default resource location for test class [com.devduhan.first.web.IndexControllerTest]: class path resource [com/devduhan/first/web/IndexControllerTestContext.groovy] does not exist
21:07:38.895 [Test worker] INFO org.springframework.test.context.support.AbstractContextLoader - Could not detect default resource locations for test class [com.devduhan.first.web.IndexControllerTest]: no resource found for suffixes {-context.xml, Context.groovy}.
21:07:38.896 [Test worker] INFO org.springframework.test.context.support.AnnotationConfigContextLoaderUtils - Could not detect default configuration classes for test class [com.devduhan.first.web.IndexControllerTest]: IndexControllerTest does not declare any static, non-private, non-final, nested classes annotated with @Configuration.
21:07:38.939 [Test worker] DEBUG org.springframework.test.context.support.ActiveProfilesUtils - Could not find an 'annotation declaring class' for annotation type [org.springframework.test.context.ActiveProfiles] and class [com.devduhan.first.web.IndexControllerTest]
21:07:39.008 [Test worker] DEBUG org.springframework.context.annotation.ClassPathScanningCandidateComponentProvider - Identified candidate component class: file [/Users/moduhan/dev/JavaWorkspace/springboot2-webservice/build/classes/java/main/com/devduhan/first/Application.class]
21:07:39.009 [Test worker] INFO org.springframework.boot.test.context.SpringBootTestContextBootstrapper - Found @SpringBootConfiguration com.devduhan.first.Application for test class com.devduhan.first.web.IndexControllerTest
21:07:39.095 [Test worker] DEBUG org.springframework.boot.test.context.SpringBootTestContextBootstrapper - @TestExecutionListeners is not present for class [com.devduhan.first.web.IndexControllerTest]: using defaults.
21:07:39.095 [Test worker] INFO org.springframework.boot.test.context.SpringBootTestContextBootstrapper - Loaded default TestExecutionListener class names from location [META-INF/spring.factories]: [org.springframework.security.test.context.support.WithSecurityContextTestExecutionListener, org.springframework.security.test.context.support.ReactorContextTestExecutionListener, org.springframework.boot.test.autoconfigure.restdocs.RestDocsTestExecutionListener, org.springframework.boot.test.autoconfigure.web.client.MockRestServiceServerResetTestExecutionListener, org.springframework.boot.test.autoconfigure.web.servlet.MockMvcPrintOnlyOnFailureTestExecutionListener, org.springframework.boot.test.autoconfigure.web.servlet.WebDriverTestExecutionListener, org.springframework.boot.test.autoconfigure.webservices.client.MockWebServiceServerTestExecutionListener, org.springframework.boot.test.mock.mockito.MockitoTestExecutionListener, org.springframework.boot.test.mock.mockito.ResetMocksTestExecutionListener, org.springframework.test.context.web.ServletTestExecutionListener, org.springframework.test.context.support.DirtiesContextBeforeModesTestExecutionListener, org.springframework.test.context.support.DependencyInjectionTestExecutionListener, org.springframework.test.context.support.DirtiesContextTestExecutionListener, org.springframework.test.context.transaction.TransactionalTestExecutionListener, org.springframework.test.context.jdbc.SqlScriptsTestExecutionListener, org.springframework.test.context.event.EventPublishingTestExecutionListener]
21:07:39.118 [Test worker] INFO org.springframework.boot.test.context.SpringBootTestContextBootstrapper - Using TestExecutionListeners: [org.springframework.test.context.web.ServletTestExecutionListener@70c5e53c, org.springframework.test.context.support.DirtiesContextBeforeModesTestExecutionListener@519d66b3, org.springframework.boot.test.mock.mockito.MockitoTestExecutionListener@1b465a47, org.springframework.boot.test.autoconfigure.SpringBootDependencyInjectionTestExecutionListener@37b720df, org.springframework.test.context.support.DirtiesContextTestExecutionListener@6884cf10, org.springframework.test.context.transaction.TransactionalTestExecutionListener@5216844d, org.springframework.test.context.jdbc.SqlScriptsTestExecutionListener@7b2b682a, org.springframework.security.test.context.support.WithSecurityContextTestExecutionListener@75140e48, org.springframework.test.context.event.EventPublishingTestExecutionListener@3b26a3b5, org.springframework.security.test.context.support.ReactorContextTestExecutionListener@5d747c70, org.springframework.boot.test.autoconfigure.restdocs.RestDocsTestExecutionListener@7d3e25cc, org.springframework.boot.test.autoconfigure.web.client.MockRestServiceServerResetTestExecutionListener@280d026d, org.springframework.boot.test.autoconfigure.web.servlet.MockMvcPrintOnlyOnFailureTestExecutionListener@263837d2, org.springframework.boot.test.autoconfigure.web.servlet.WebDriverTestExecutionListener@58515899, org.springframework.boot.test.autoconfigure.webservices.client.MockWebServiceServerTestExecutionListener@54cd161a, org.springframework.boot.test.mock.mockito.ResetMocksTestExecutionListener@14936884]
21:07:39.121 [Test worker] DEBUG org.springframework.test.context.support.AbstractDirtiesContextTestExecutionListener - Before test class: context [DefaultTestContext@63c18175 testClass = IndexControllerTest, testInstance = [null], testMethod = [null], testException = [null], mergedContextConfiguration = [WebMergedContextConfiguration@366551d3 testClass = IndexControllerTest, locations = '{}', classes = '{class com.devduhan.first.Application}', contextInitializerClasses = '[]', activeProfiles = '{}', propertySourceLocations = '{}', propertySourceProperties = '{org.springframework.boot.test.context.SpringBootTestContextBootstrapper=true, server.port=0}', contextCustomizers = set[org.springframework.boot.test.autoconfigure.actuate.metrics.MetricsExportContextCustomizerFactory$DisableMetricExportContextCustomizer@501bc594, org.springframework.boot.test.autoconfigure.properties.PropertyMappingContextCustomizer@0, org.springframework.boot.test.autoconfigure.web.servlet.WebDriverContextCustomizerFactory$Customizer@2d52652, org.springframework.boot.test.context.filter.ExcludeFilterContextCustomizer@28ce567, org.springframework.boot.test.json.DuplicateJsonObjectContextCustomizerFactory$DuplicateJsonObjectContextCustomizer@2108930f, org.springframework.boot.test.mock.mockito.MockitoContextCustomizer@0, org.springframework.boot.test.web.client.TestRestTemplateContextCustomizer@239a3c43, org.springframework.boot.test.context.SpringBootTestArgs@1, org.springframework.boot.test.context.SpringBootTestWebEnvironment@1d0fc671], resourceBasePath = 'src/main/webapp', contextLoader = 'org.springframework.boot.test.context.SpringBootContextLoader', parent = [null]], attributes = map['org.springframework.test.context.web.ServletTestExecutionListener.activateListener' -> false]], class annotated with @DirtiesContext [false] with mode [null].
21:07:39.133 [Test worker] DEBUG org.springframework.test.context.support.DependencyInjectionTestExecutionListener - Performing dependency injection for test context [[DefaultTestContext@63c18175 testClass = IndexControllerTest, testInstance = com.devduhan.first.web.IndexControllerTest@3d7f00ea, testMethod = [null], testException = [null], mergedContextConfiguration = [WebMergedContextConfiguration@366551d3 testClass = IndexControllerTest, locations = '{}', classes = '{class com.devduhan.first.Application}', contextInitializerClasses = '[]', activeProfiles = '{}', propertySourceLocations = '{}', propertySourceProperties = '{org.springframework.boot.test.context.SpringBootTestContextBootstrapper=true, server.port=0}', contextCustomizers = set[org.springframework.boot.test.autoconfigure.actuate.metrics.MetricsExportContextCustomizerFactory$DisableMetricExportContextCustomizer@501bc594, org.springframework.boot.test.autoconfigure.properties.PropertyMappingContextCustomizer@0, org.springframework.boot.test.autoconfigure.web.servlet.WebDriverContextCustomizerFactory$Customizer@2d52652, org.springframework.boot.test.context.filter.ExcludeFilterContextCustomizer@28ce567, org.springframework.boot.test.json.DuplicateJsonObjectContextCustomizerFactory$DuplicateJsonObjectContextCustomizer@2108930f, org.springframework.boot.test.mock.mockito.MockitoContextCustomizer@0, org.springframework.boot.test.web.client.TestRestTemplateContextCustomizer@239a3c43, org.springframework.boot.test.context.SpringBootTestArgs@1, org.springframework.boot.test.context.SpringBootTestWebEnvironment@1d0fc671], resourceBasePath = 'src/main/webapp', contextLoader = 'org.springframework.boot.test.context.SpringBootContextLoader', parent = [null]], attributes = map['org.springframework.test.context.web.ServletTestExecutionListener.activateListener' -> false]]].
21:07:39.150 [Test worker] DEBUG org.springframework.test.context.support.TestPropertySourceUtils - Adding inlined properties to environment: {spring.jmx.enabled=false, org.springframework.boot.test.context.SpringBootTestContextBootstrapper=true, server.port=0}

  .   ____          _            __ _ _
 /\\ / ___'_ __ _ _(_)_ __  __ _ \ \ \ \
( ( )\___ | '_ | '_| | '_ \/ _` | \ \ \ \
 \\/  ___)| |_)| | | | | || (_| |  ) ) ) )
  '  |____| .__|_| |_|_| |_\__, | / / / /
 =========|_|==============|___/=/_/_/_/
 :: Spring Boot ::                (v2.4.1)

2021-01-10 21:07:39.623  INFO 16954 --- [    Test worker] c.d.first.web.IndexControllerTest        : Starting IndexControllerTest using Java 1.8.0_261 on moduhans-MacBook-Pro.local with PID 16954 (started by moduhan in /Users/moduhan/dev/JavaWorkspace/springboot2-webservice)
2021-01-10 21:07:39.626  INFO 16954 --- [    Test worker] c.d.first.web.IndexControllerTest        : No active profile set, falling back to default profiles: default
2021-01-10 21:07:40.248  INFO 16954 --- [    Test worker] .s.d.r.c.RepositoryConfigurationDelegate : Bootstrapping Spring Data JPA repositories in DEFAULT mode.
2021-01-10 21:07:40.317  INFO 16954 --- [    Test worker] .s.d.r.c.RepositoryConfigurationDelegate : Finished Spring Data repository scanning in 61 ms. Found 2 JPA repository interfaces.
2021-01-10 21:07:41.053  INFO 16954 --- [    Test worker] o.s.b.w.embedded.tomcat.TomcatWebServer  : Tomcat initialized with port(s): 0 (http)
2021-01-10 21:07:41.065  INFO 16954 --- [    Test worker] o.apache.catalina.core.StandardService   : Starting service [Tomcat]
2021-01-10 21:07:41.066  INFO 16954 --- [    Test worker] org.apache.catalina.core.StandardEngine  : Starting Servlet engine: [Apache Tomcat/9.0.41]
2021-01-10 21:07:41.149  INFO 16954 --- [    Test worker] o.a.c.c.C.[Tomcat].[localhost].[/]       : Initializing Spring embedded WebApplicationContext
2021-01-10 21:07:41.150  INFO 16954 --- [    Test worker] w.s.c.ServletWebServerApplicationContext : Root WebApplicationContext: initialization completed in 1507 ms
2021-01-10 21:07:41.211  INFO 16954 --- [    Test worker] com.zaxxer.hikari.HikariDataSource       : HikariPool-1 - Starting...
2021-01-10 21:07:41.384  INFO 16954 --- [    Test worker] com.zaxxer.hikari.HikariDataSource       : HikariPool-1 - Start completed.
2021-01-10 21:07:41.392  INFO 16954 --- [    Test worker] o.s.b.a.h2.H2ConsoleAutoConfiguration    : H2 console available at '/h2-console'. Database available at 'jdbc:h2:mem:testdb'
2021-01-10 21:07:41.677  INFO 16954 --- [    Test worker] o.hibernate.jpa.internal.util.LogHelper  : HHH000204: Processing PersistenceUnitInfo [name: default]
2021-01-10 21:07:41.735  INFO 16954 --- [    Test worker] org.hibernate.Version                    : HHH000412: Hibernate ORM core version 5.4.25.Final
2021-01-10 21:07:41.915  INFO 16954 --- [    Test worker] o.hibernate.annotations.common.Version   : HCANN000001: Hibernate Commons Annotations {5.1.2.Final}
2021-01-10 21:07:42.034  INFO 16954 --- [    Test worker] org.hibernate.dialect.Dialect            : HHH000400: Using dialect: org.hibernate.dialect.MySQL57Dialect
Hibernate: drop table if exists posts
Hibernate: drop table if exists user
Hibernate: create table posts (id bigint not null auto_increment, created_date datetime(6), modified_date datetime(6), author varchar(255), content TEXT not null, title varchar(500) not null, primary key (id)) engine=InnoDB
Hibernate: create table user (id bigint not null auto_increment, created_date datetime(6), modified_date datetime(6), email varchar(255) not null, name varchar(255) not null, picture varchar(255), role varchar(255) not null, primary key (id)) engine=InnoDB
2021-01-10 21:07:42.670  INFO 16954 --- [    Test worker] o.h.e.t.j.p.i.JtaPlatformInitiator       : HHH000490: Using JtaPlatform implementation: [org.hibernate.engine.transaction.jta.platform.internal.NoJtaPlatform]
2021-01-10 21:07:42.678  INFO 16954 --- [    Test worker] j.LocalContainerEntityManagerFactoryBean : Initialized JPA EntityManagerFactory for persistence unit 'default'
2021-01-10 21:07:43.448  WARN 16954 --- [    Test worker] JpaBaseConfiguration$JpaWebConfiguration : spring.jpa.open-in-view is enabled by default. Therefore, database queries may be performed during view rendering. Explicitly configure spring.jpa.open-in-view to disable this warning
2021-01-10 21:07:44.175  INFO 16954 --- [    Test worker] o.s.s.web.DefaultSecurityFilterChain     : Will secure any request with [org.springframework.security.web.context.request.async.WebAsyncManagerIntegrationFilter@20ece95, org.springframework.security.web.context.SecurityContextPersistenceFilter@5c04cdf0, org.springframework.security.web.header.HeaderWriterFilter@2d19df65, org.springframework.security.web.authentication.logout.LogoutFilter@66f7a5b1, org.springframework.security.oauth2.client.web.OAuth2AuthorizationRequestRedirectFilter@268cf973, org.springframework.security.oauth2.client.web.OAuth2LoginAuthenticationFilter@401f6dbb, org.springframework.security.web.authentication.ui.DefaultLoginPageGeneratingFilter@2339bbef, org.springframework.security.web.authentication.ui.DefaultLogoutPageGeneratingFilter@64114478, org.springframework.security.web.savedrequest.RequestCacheAwareFilter@784ebf6c, org.springframework.security.web.servletapi.SecurityContextHolderAwareRequestFilter@3f702a55, org.springframework.security.web.authentication.AnonymousAuthenticationFilter@318f606c, org.springframework.security.web.session.SessionManagementFilter@7431bdf1, org.springframework.security.web.access.ExceptionTranslationFilter@5ac6ec96, org.springframework.security.web.access.intercept.FilterSecurityInterceptor@4c01a5e4]
2021-01-10 21:07:44.507  INFO 16954 --- [    Test worker] o.s.s.concurrent.ThreadPoolTaskExecutor  : Initializing ExecutorService 'applicationTaskExecutor'
2021-01-10 21:07:44.664  INFO 16954 --- [    Test worker] o.s.b.a.w.s.WelcomePageHandlerMapping    : Adding welcome page template: index
2021-01-10 21:07:45.017  INFO 16954 --- [    Test worker] o.s.b.w.embedded.tomcat.TomcatWebServer  : Tomcat started on port(s): 58993 (http) with context path ''
2021-01-10 21:07:45.033  INFO 16954 --- [    Test worker] s.a.ScheduledAnnotationBeanPostProcessor : No TaskScheduler/ScheduledExecutorService bean found for scheduled processing
2021-01-10 21:07:45.041  INFO 16954 --- [    Test worker] c.d.first.web.IndexControllerTest        : Started IndexControllerTest in 5.888 seconds (JVM running for 6.924)
2021-01-10 21:07:45.194  INFO 16954 --- [o-auto-1-exec-1] o.a.c.c.C.[Tomcat].[localhost].[/]       : Initializing Spring DispatcherServlet 'dispatcherServlet'
2021-01-10 21:07:45.194  INFO 16954 --- [o-auto-1-exec-1] o.s.web.servlet.DispatcherServlet        : Initializing Servlet 'dispatcherServlet'
2021-01-10 21:07:45.196  INFO 16954 --- [o-auto-1-exec-1] o.s.web.servlet.DispatcherServlet        : Completed initialization in 2 ms
Hibernate: select posts0_.id as id1_0_, posts0_.created_date as created_2_0_, posts0_.modified_date as modified3_0_, posts0_.author as author4_0_, posts0_.content as content5_0_, posts0_.title as title6_0_ from posts posts0_ order by posts0_.id DESC
]]></system-out>
  <system-err><![CDATA[]]></system-err>
</testsuite>
